(node:10000) [MONGOOSE] Warning: Duplicate schema index on {"wellId":1} found. This is often due to declaring an index using both "index: true" and "schema.index()". Please remove the duplicate index definition.
(Use `node --trace-warnings ...` to show where the warning was created)
(node:10000) [MONGOOSE] Warning: Duplicate schema index on {"padId":1} found. This is often due to declaring an index using both "index: true" and "schema.index()". Please remove the duplicate index definition.
CastError: Cast to ObjectId failed for value "" (type string) at path "reportId" for model "Pump"
    at SchemaObjectId.cast (C:\Users\ManojThakur\Desktop\DesktopApplication\Mud-pro-Backend\node_modules\mongoose\lib\schema\objectId.js:253:11)
    at SchemaType.applySetters (C:\Users\ManojThakur\Desktop\DesktopApplication\Mud-pro-Backend\node_modules\mongoose\lib\schemaType.js:1280:12)
    at SchemaType.castForQuery (C:\Users\ManojThakur\Desktop\DesktopApplication\Mud-pro-Backend\node_modules\mongoose\lib\schemaType.js:1706:17)
    at cast (C:\Users\ManojThakur\Desktop\DesktopApplication\Mud-pro-Backend\node_modules\mongoose\lib\cast.js:386:32)
    at cast (C:\Users\ManojThakur\Desktop\DesktopApplication\Mud-pro-Backend\node_modules\mongoose\lib\cast.js:76:20)
    at Query.cast (C:\Users\ManojThakur\Desktop\DesktopApplication\Mud-pro-Backend\node_modules\mongoose\lib\query.js:5040:12)
    at Query._castConditions (C:\Users\ManojThakur\Desktop\DesktopApplication\Mud-pro-Backend\node_modules\mongoose\lib\query.js:2374:10)
    at model.Query._find (C:\Users\ManojThakur\Desktop\DesktopApplication\Mud-pro-Backend\node_modules\mongoose\lib\query.js:2401:8)
    at model.Query.exec (C:\Users\ManojThakur\Desktop\DesktopApplication\Mud-pro-Backend\node_modules\mongoose\lib\query.js:4652:80)
    at process.processTicksAndRejections (node:internal/process/task_queues:104:5)
    at async loadLegacyPumps (file:///C:/Users/ManojThakur/Desktop/DesktopApplication/Mud-pro-Backend/src/controllers/pump/pump.controller.js:96:5)
    at async getPumps (file:///C:/Users/ManojThakur/Desktop/DesktopApplication/Mud-pro-Backend/src/controllers/pump/pump.controller.js:231:21) {
  stringValue: '""',
  messageFormat: undefined,
  kind: 'ObjectId',
  value: '',
  path: 'reportId',
  reason: BSONError: input must be a 24 character hex string, 12 byte Uint8Array, or an integer
      at new ObjectId (C:\Users\ManojThakur\Desktop\DesktopApplication\Mud-pro-Backend\node_modules\bson\lib\bson.cjs:2565:23)
      at castObjectId (C:\Users\ManojThakur\Desktop\DesktopApplication\Mud-pro-Backend\node_modules\mongoose\lib\cast\objectid.js:25:12)
      at SchemaObjectId.cast (C:\Users\ManojThakur\Desktop\DesktopApplication\Mud-pro-Backend\node_modules\mongoose\lib\schema\objectId.js:251:12)
      at SchemaType.applySetters (C:\Users\ManojThakur\Desktop\DesktopApplication\Mud-pro-Backend\node_modules\mongoose\lib\schemaType.js:1280:12)
      at SchemaType.castForQuery (C:\Users\ManojThakur\Desktop\DesktopApplication\Mud-pro-Backend\node_modules\mongoose\lib\schemaType.js:1706:17)
      at cast (C:\Users\ManojThakur\Desktop\DesktopApplication\Mud-pro-Backend\node_modules\mongoose\lib\cast.js:386:32)
      at cast (C:\Users\ManojThakur\Desktop\DesktopApplication\Mud-pro-Backend\node_modules\mongoose\lib\cast.js:76:20)
      at Query.cast (C:\Users\ManojThakur\Desktop\DesktopApplication\Mud-pro-Backend\node_modules\mongoose\lib\query.js:5040:12)
      at Query._castConditions (C:\Users\ManojThakur\Desktop\DesktopApplication\Mud-pro-Backend\node_modules\mongoose\lib\query.js:2374:10)
      at model.Query._find (C:\Users\ManojThakur\Desktop\DesktopApplication\Mud-pro-Backend\node_modules\mongoose\lib\query.js:2401:8)
      at model.Query.exec (C:\Users\ManojThakur\Desktop\DesktopApplication\Mud-pro-Backend\node_modules\mongoose\lib\query.js:4652:80)
      at process.processTicksAndRejections (node:internal/process/task_queues:104:5)
      at async loadLegacyPumps (file:///C:/Users/ManojThakur/Desktop/DesktopApplication/Mud-pro-Backend/src/controllers/pump/pump.controller.js:96:5)
      at async getPumps (file:///C:/Users/ManojThakur/Desktop/DesktopApplication/Mud-pro-Backend/src/controllers/pump/pump.controller.js:231:21),
  valueType: 'string'
}
CastError: Cast to ObjectId failed for value "=69d5fdddd2457e7d584e757b" (type string) at path "wellId" for model "Pump"
    at SchemaObjectId.cast (C:\Users\ManojThakur\Desktop\DesktopApplication\Mud-pro-Backend\node_modules\mongoose\lib\schema\objectId.js:253:11)
    at SchemaType.applySetters (C:\Users\ManojThakur\Desktop\DesktopApplication\Mud-pro-Backend\node_modules\mongoose\lib\schemaType.js:1280:12)
    at SchemaType.castForQuery (C:\Users\ManojThakur\Desktop\DesktopApplication\Mud-pro-Backend\node_modules\mongoose\lib\schemaType.js:1706:17)
    at cast (C:\Users\ManojThakur\Desktop\DesktopApplication\Mud-pro-Backend\node_modules\mongoose\lib\cast.js:386:32)
    at Query.cast (C:\Users\ManojThakur\Desktop\DesktopApplication\Mud-pro-Backend\node_modules\mongoose\lib\query.js:5040:12)
    at Query._castConditions (C:\Users\ManojThakur\Desktop\DesktopApplication\Mud-pro-Backend\node_modules\mongoose\lib\query.js:2374:10)
    at model.Query._find (C:\Users\ManojThakur\Desktop\DesktopApplication\Mud-pro-Backend\node_modules\mongoose\lib\query.js:2401:8)
    at model.Query.exec (C:\Users\ManojThakur\Desktop\DesktopApplication\Mud-pro-Backend\node_modules\mongoose\lib\query.js:4652:80)
    at process.processTicksAndRejections (node:internal/process/task_queues:104:5)
    at async Promise.all (index 5)
    at async exportInventoryReport (file:///C:/Users/ManojThakur/Desktop/DesktopApplication/Mud-pro-Backend/src/controllers/Export/exportInventoryController.js:489:9) {
  stringValue: '"=69d5fdddd2457e7d584e757b"',
  messageFormat: undefined,
  kind: 'ObjectId',
  value: '=69d5fdddd2457e7d584e757b',
  path: 'wellId',
  reason: BSONError: input must be a 24 character hex string, 12 byte Uint8Array, or an integer
      at new ObjectId (C:\Users\ManojThakur\Desktop\DesktopApplication\Mud-pro-Backend\node_modules\bson\lib\bson.cjs:2565:23)
      at castObjectId (C:\Users\ManojThakur\Desktop\DesktopApplication\Mud-pro-Backend\node_modules\mongoose\lib\cast\objectid.js:25:12)
      at SchemaObjectId.cast (C:\Users\ManojThakur\Desktop\DesktopApplication\Mud-pro-Backend\node_modules\mongoose\lib\schema\objectId.js:251:12)
      at SchemaType.applySetters (C:\Users\ManojThakur\Desktop\DesktopApplication\Mud-pro-Backend\node_modules\mongoose\lib\schemaType.js:1280:12)
      at SchemaType.castForQuery (C:\Users\ManojThakur\Desktop\DesktopApplication\Mud-pro-Backend\node_modules\mongoose\lib\schemaType.js:1706:17)
      at cast (C:\Users\ManojThakur\Desktop\DesktopApplication\Mud-pro-Backend\node_modules\mongoose\lib\cast.js:386:32)
      at Query.cast (C:\Users\ManojThakur\Desktop\DesktopApplication\Mud-pro-Backend\node_modules\mongoose\lib\query.js:5040:12)
      at Query._castConditions (C:\Users\ManojThakur\Desktop\DesktopApplication\Mud-pro-Backend\node_modules\mongoose\lib\query.js:2374:10)
      at model.Query._find (C:\Users\ManojThakur\Desktop\DesktopApplication\Mud-pro-Backend\node_modules\mongoose\lib\query.js:2401:8)
      at model.Query.exec (C:\Users\ManojThakur\Desktop\DesktopApplication\Mud-pro-Backend\node_modules\mongoose\lib\query.js:4652:80)
      at process.processTicksAndRejections (node:internal/process/task_queues:104:5)
      at async Promise.all (index 5)
      at async exportInventoryReport (file:///C:/Users/ManojThakur/Desktop/DesktopApplication/Mud-pro-Backend/src/controllers/Export/exportInventoryController.js:489:9),
  valueType: 'string'
}
CastError: Cast to ObjectId failed for value "" (type string) at path "reportId" for model "Pump"
    at SchemaObjectId.cast (C:\Users\ManojThakur\Desktop\DesktopApplication\Mud-pro-Backend\node_modules\mongoose\lib\schema\objectId.js:253:11)
    at SchemaType.applySetters (C:\Users\ManojThakur\Desktop\DesktopApplication\Mud-pro-Backend\node_modules\mongoose\lib\schemaType.js:1280:12)
    at SchemaType.castForQuery (C:\Users\ManojThakur\Desktop\DesktopApplication\Mud-pro-Backend\node_modules\mongoose\lib\schemaType.js:1706:17)
    at cast (C:\Users\ManojThakur\Desktop\DesktopApplication\Mud-pro-Backend\node_modules\mongoose\lib\cast.js:386:32)
    at cast (C:\Users\ManojThakur\Desktop\DesktopApplication\Mud-pro-Backend\node_modules\mongoose\lib\cast.js:76:20)
    at Query.cast (C:\Users\ManojThakur\Desktop\DesktopApplication\Mud-pro-Backend\node_modules\mongoose\lib\query.js:5040:12)
    at Query._castConditions (C:\Users\ManojThakur\Desktop\DesktopApplication\Mud-pro-Backend\node_modules\mongoose\lib\query.js:2374:10)
    at model.Query._find (C:\Users\ManojThakur\Desktop\DesktopApplication\Mud-pro-Backend\node_modules\mongoose\lib\query.js:2401:8)
    at model.Query.exec (C:\Users\ManojThakur\Desktop\DesktopApplication\Mud-pro-Backend\node_modules\mongoose\lib\query.js:4652:80)
    at process.processTicksAndRejections (node:internal/process/task_queues:104:5)
    at async loadLegacyPumps (file:///C:/Users/ManojThakur/Desktop/DesktopApplication/Mud-pro-Backend/src/controllers/pump/pump.controller.js:96:5)
    at async getPumps (file:///C:/Users/ManojThakur/Desktop/DesktopApplication/Mud-pro-Backend/src/controllers/pump/pump.controller.js:231:21) {
  stringValue: '""',
  messageFormat: undefined,
  kind: 'ObjectId',
  value: '',
  path: 'reportId',
  reason: BSONError: input must be a 24 character hex string, 12 byte Uint8Array, or an integer
      at new ObjectId (C:\Users\ManojThakur\Desktop\DesktopApplication\Mud-pro-Backend\node_modules\bson\lib\bson.cjs:2565:23)
      at castObjectId (C:\Users\ManojThakur\Desktop\DesktopApplication\Mud-pro-Backend\node_modules\mongoose\lib\cast\objectid.js:25:12)
      at SchemaObjectId.cast (C:\Users\ManojThakur\Desktop\DesktopApplication\Mud-pro-Backend\node_modules\mongoose\lib\schema\objectId.js:251:12)
      at SchemaType.applySetters (C:\Users\ManojThakur\Desktop\DesktopApplication\Mud-pro-Backend\node_modules\mongoose\lib\schemaType.js:1280:12)
      at SchemaType.castForQuery (C:\Users\ManojThakur\Desktop\DesktopApplication\Mud-pro-Backend\node_modules\mongoose\lib\schemaType.js:1706:17)
      at cast (C:\Users\ManojThakur\Desktop\DesktopApplication\Mud-pro-Backend\node_modules\mongoose\lib\cast.js:386:32)
      at cast (C:\Users\ManojThakur\Desktop\DesktopApplication\Mud-pro-Backend\node_modules\mongoose\lib\cast.js:76:20)
      at Query.cast (C:\Users\ManojThakur\Desktop\DesktopApplication\Mud-pro-Backend\node_modules\mongoose\lib\query.js:5040:12)
      at Query._castConditions (C:\Users\ManojThakur\Desktop\DesktopApplication\Mud-pro-Backend\node_modules\mongoose\lib\query.js:2374:10)
      at model.Query._find (C:\Users\ManojThakur\Desktop\DesktopApplication\Mud-pro-Backend\node_modules\mongoose\lib\query.js:2401:8)
      at model.Query.exec (C:\Users\ManojThakur\Desktop\DesktopApplication\Mud-pro-Backend\node_modules\mongoose\lib\query.js:4652:80)
      at process.processTicksAndRejections (node:internal/process/task_queues:104:5)
      at async loadLegacyPumps (file:///C:/Users/ManojThakur/Desktop/DesktopApplication/Mud-pro-Backend/src/controllers/pump/pump.controller.js:96:5)
      at async getPumps (file:///C:/Users/ManojThakur/Desktop/DesktopApplication/Mud-pro-Backend/src/controllers/pump/pump.controller.js:231:21),
  valueType: 'string'
}
